<?xml version="1.0" encoding="UTF-8"?>
<!-- Generated by org.testng.reporters.JUnitXMLReporter -->
<testsuite ignored="0" hostname="WIN10H-75D3A6G1" failures="1" tests="2" name="Sample Test" time="24.05" errors="0" timestamp="2020-04-26T17:30:38 IST">
  <testcase classname="Tests.LoginPageTest" name="signIn" time="4.505"/>
  <testcase classname="Tests.LoginPageTest" name="loginPageTitleTest" time="0.014">
    <failure type="java.lang.AssertionError" message="expected [OrangeHRoM] but found [OrangeHRM]">
      <![CDATA[java.lang.AssertionError: expected [OrangeHRoM] but found [OrangeHRM]
at Tests.LoginPageTest.loginPageTitleTest(LoginPageTest.java:54)
at java.base/java.util.ArrayList.forEach(Unknown Source)
... Removed 32 stack frames]]>
    </failure>
  </testcase> <!-- loginPageTitleTest -->
</testsuite> <!-- Sample Test -->
